[2024-06-23T06:13:35.960+0000] {taskinstance.py:1083} INFO - Dependencies all met for <TaskInstance: generate_data.get_cwd scheduled__2024-06-22T00:00:00+00:00 [queued]>
[2024-06-23T06:13:36.024+0000] {taskinstance.py:1083} INFO - Dependencies all met for <TaskInstance: generate_data.get_cwd scheduled__2024-06-22T00:00:00+00:00 [queued]>
[2024-06-23T06:13:36.025+0000] {taskinstance.py:1279} INFO - 
--------------------------------------------------------------------------------
[2024-06-23T06:13:36.026+0000] {taskinstance.py:1280} INFO - Starting attempt 1 of 1
[2024-06-23T06:13:36.026+0000] {taskinstance.py:1281} INFO - 
--------------------------------------------------------------------------------
[2024-06-23T06:13:36.081+0000] {taskinstance.py:1300} INFO - Executing <Task(PythonOperator): get_cwd> on 2024-06-22 00:00:00+00:00
[2024-06-23T06:13:36.104+0000] {standard_task_runner.py:55} INFO - Started process 3395 to run task
[2024-06-23T06:13:36.127+0000] {standard_task_runner.py:82} INFO - Running: ['***', 'tasks', 'run', 'generate_data', 'get_cwd', 'scheduled__2024-06-22T00:00:00+00:00', '--job-id', '12', '--raw', '--subdir', 'DAGS_FOLDER/generate_data.py', '--cfg-path', '/tmp/tmpp_kls6eb']
[2024-06-23T06:13:36.128+0000] {standard_task_runner.py:83} INFO - Job 12: Subtask get_cwd
[2024-06-23T06:13:36.256+0000] {task_command.py:388} INFO - Running <TaskInstance: generate_data.get_cwd scheduled__2024-06-22T00:00:00+00:00 [running]> on host 1871b14cbd67
[2024-06-23T06:13:36.390+0000] {taskinstance.py:1507} INFO - Exporting the following env vars:
AIRFLOW_CTX_DAG_OWNER=***
AIRFLOW_CTX_DAG_ID=generate_data
AIRFLOW_CTX_TASK_ID=get_cwd
AIRFLOW_CTX_EXECUTION_DATE=2024-06-22T00:00:00+00:00
AIRFLOW_CTX_TRY_NUMBER=1
AIRFLOW_CTX_DAG_RUN_ID=scheduled__2024-06-22T00:00:00+00:00
[2024-06-23T06:13:36.392+0000] {python.py:177} INFO - Done. Returned value was: <built-in function getcwd>
[2024-06-23T06:13:36.409+0000] {xcom.py:629} ERROR - Object of type builtin_function_or_method is not JSON serializable. If you are using pickle instead of JSON for XCom, then you need to enable pickle support for XCom in your *** config or make sure to decorate your object with attr.
[2024-06-23T06:13:36.411+0000] {taskinstance.py:1768} ERROR - Task failed with exception
Traceback (most recent call last):
  File "/home/airflow/.local/lib/python3.8/site-packages/airflow/utils/session.py", line 72, in wrapper
    return func(*args, **kwargs)
  File "/home/airflow/.local/lib/python3.8/site-packages/airflow/models/taskinstance.py", line 2290, in xcom_push
    XCom.set(
  File "/home/airflow/.local/lib/python3.8/site-packages/airflow/utils/session.py", line 72, in wrapper
    return func(*args, **kwargs)
  File "/home/airflow/.local/lib/python3.8/site-packages/airflow/models/xcom.py", line 234, in set
    value = cls.serialize_value(
  File "/home/airflow/.local/lib/python3.8/site-packages/airflow/models/xcom.py", line 627, in serialize_value
    return json.dumps(value, cls=XComEncoder).encode("UTF-8")
  File "/usr/local/lib/python3.8/json/__init__.py", line 234, in dumps
    return cls(
  File "/home/airflow/.local/lib/python3.8/site-packages/airflow/utils/json.py", line 176, in encode
    return super().encode(o)
  File "/usr/local/lib/python3.8/json/encoder.py", line 199, in encode
    chunks = self.iterencode(o, _one_shot=True)
  File "/usr/local/lib/python3.8/json/encoder.py", line 257, in iterencode
    return _iterencode(o, 0)
  File "/home/airflow/.local/lib/python3.8/site-packages/airflow/utils/json.py", line 170, in default
    return super().default(o)
  File "/usr/local/lib/python3.8/json/encoder.py", line 179, in default
    raise TypeError(f'Object of type {o.__class__.__name__} '
TypeError: Object of type builtin_function_or_method is not JSON serializable
[2024-06-23T06:13:36.430+0000] {taskinstance.py:1318} INFO - Marking task as FAILED. dag_id=generate_data, task_id=get_cwd, execution_date=20240622T000000, start_date=20240623T061335, end_date=20240623T061336
[2024-06-23T06:13:36.455+0000] {standard_task_runner.py:100} ERROR - Failed to execute job 12 for task get_cwd (Object of type builtin_function_or_method is not JSON serializable; 3395)
[2024-06-23T06:13:36.495+0000] {local_task_job.py:208} INFO - Task exited with return code 1
[2024-06-23T06:13:36.544+0000] {taskinstance.py:2578} INFO - 0 downstream tasks scheduled from follow-on schedule check
